[2024-10-20T16:59:34.724Z] Invalid login email entered
[2024-10-20T16:59:36.500Z] Invalid password entered
[2024-10-20T16:59:38.493Z] Login button clicked
[2024-10-20T16:59:46.693Z] Valid login email entered
[2024-10-20T16:59:53.337Z] Login button clicked
[2024-10-20T17:00:29.483Z] Signup name entered
[2024-10-20T17:00:31.359Z] Signup email entered
[2024-10-20T17:00:36.429Z] Signup button clicked
[2024-10-20T17:00:37.008Z] Title is checked
[2024-10-20T17:00:39.531Z] Random password generated
[2024-10-20T17:00:40.688Z] Birth day is selected
[2024-10-20T17:00:41.610Z] Birth month is selected
[2024-10-20T17:00:42.644Z] Birth year is selected
[2024-10-20T17:00:43.557Z] Signed up for newsletter and offers
[2024-10-20T17:00:44.482Z] First name entered
[2024-10-20T17:00:45.301Z] Last name entered
[2024-10-20T17:00:47.301Z] Company name entered
[2024-10-20T17:00:48.325Z] Street address entered
[2024-10-20T17:00:49.240Z] State entered
[2024-10-20T17:00:50.871Z] City entered
[2024-10-20T17:00:53.839Z] Zip code entered
[2024-10-20T17:00:55.865Z] Mobile number entered
[2024-10-20T17:01:01.612Z] Account deleted success msg appeared
[2024-10-20T17:01:08.370Z] Continue button clicked
